<?xml version="1.0" encoding="UTF-8"?>
<testng-results skipped="0" failed="1" ignored="2" total="7" passed="4">
  <reporter-output>
  </reporter-output>
  <suite name="Command line suite" duration-ms="81070" started-at="2021-11-09T23:15:05 AMT" finished-at="2021-11-09T23:16:26 AMT">
    <groups>
    </groups>
    <test name="Command line test" duration-ms="81070" started-at="2021-11-09T23:15:05 AMT" finished-at="2021-11-09T23:16:26 AMT">
      <class name="LoginTest">
        <test-method status="PASS" signature="beforeClass()[pri:0, instance:LoginTest@1a942c18]" name="beforeClass" is-config="true" duration-ms="1639" started-at="2021-11-09T23:15:18 AMT" finished-at="2021-11-09T23:15:19 AMT">
          <reporter-output>
          </reporter-output>
        </test-method> <!-- beforeClass -->
        <test-method status="PASS" signature="initLoginPage()[pri:0, instance:LoginTest@1a942c18]" name="initLoginPage" is-config="true" duration-ms="3903" started-at="2021-11-09T23:15:19 AMT" finished-at="2021-11-09T23:15:23 AMT">
          <reporter-output>
          </reporter-output>
        </test-method> <!-- initLoginPage -->
        <test-method status="PASS" signature="ShouldBeAbleToChangePassword()[pri:0, instance:LoginTest@1a942c18]" name="ShouldBeAbleToChangePassword" duration-ms="28635" started-at="2021-11-09T23:15:23 AMT" finished-at="2021-11-09T23:15:52 AMT">
          <reporter-output>
          </reporter-output>
        </test-method> <!-- ShouldBeAbleToChangePassword -->
        <test-method status="PASS" signature="ShouldLoginWithValidCredentials()[pri:0, instance:LoginTest@1a942c18]" name="ShouldLoginWithValidCredentials" duration-ms="2814" started-at="2021-11-09T23:15:52 AMT" finished-at="2021-11-09T23:15:55 AMT">
          <reporter-output>
          </reporter-output>
        </test-method> <!-- ShouldLoginWithValidCredentials -->
        <test-method status="FAIL" signature="ShouldNotLoginWithInvalidCredentials()[pri:0, instance:LoginTest@1a942c18]" name="ShouldNotLoginWithInvalidCredentials" duration-ms="30990" started-at="2021-11-09T23:15:55 AMT" finished-at="2021-11-09T23:16:26 AMT">
          <exception class="org.openqa.selenium.TimeoutException">
            <message>
              <![CDATA[Expected condition failed: waiting for visibility of Proxy element for: DefaultElementLocator 'By.cssSelector: h3' (tried for 10 second(s) with 100 milliseconds interval)]]>
            </message>
            <full-stacktrace>
              <![CDATA[org.openqa.selenium.TimeoutException: Expected condition failed: waiting for visibility of Proxy element for: DefaultElementLocator 'By.cssSelector: h3' (tried for 10 second(s) with 100 milliseconds interval)
at org.openqa.selenium.support.ui.WebDriverWait.timeoutException(WebDriverWait.java:95)
at org.openqa.selenium.support.ui.FluentWait.until(FluentWait.java:272)
at General.BasePage.waitForElementToAppear(BasePage.java:23)
at PageObjects.LoginPage.SignIn(LoginPage.java:56)
at LoginTest.ShouldNotLoginWithInvalidCredentials(LoginTest.java:68)
at sun.reflect.NativeMethodAccessorImpl.invoke0(Native Method)
at sun.reflect.NativeMethodAccessorImpl.invoke(NativeMethodAccessorImpl.java:62)
at sun.reflect.DelegatingMethodAccessorImpl.invoke(DelegatingMethodAccessorImpl.java:43)
at java.lang.reflect.Method.invoke(Method.java:498)
at org.testng.internal.MethodInvocationHelper.invokeMethod(MethodInvocationHelper.java:133)
at org.testng.internal.TestInvoker.invokeMethod(TestInvoker.java:598)
at org.testng.internal.TestInvoker.invokeTestMethod(TestInvoker.java:173)
at org.testng.internal.MethodRunner.runInSequence(MethodRunner.java:46)
at org.testng.internal.TestInvoker$MethodInvocationAgent.invoke(TestInvoker.java:824)
at org.testng.internal.TestInvoker.invokeTestMethods(TestInvoker.java:146)
at org.testng.internal.TestMethodWorker.invokeTestMethods(TestMethodWorker.java:146)
at org.testng.internal.TestMethodWorker.run(TestMethodWorker.java:128)
at java.util.ArrayList.forEach(ArrayList.java:1259)
at org.testng.TestRunner.privateRun(TestRunner.java:794)
at org.testng.TestRunner.run(TestRunner.java:596)
at org.testng.SuiteRunner.runTest(SuiteRunner.java:377)
at org.testng.SuiteRunner.runSequentially(SuiteRunner.java:371)
at org.testng.SuiteRunner.privateRun(SuiteRunner.java:332)
at org.testng.SuiteRunner.run(SuiteRunner.java:276)
at org.testng.SuiteRunnerWorker.runSuite(SuiteRunnerWorker.java:53)
at org.testng.SuiteRunnerWorker.run(SuiteRunnerWorker.java:96)
at org.testng.TestNG.runSuitesSequentially(TestNG.java:1212)
at org.testng.TestNG.runSuitesLocally(TestNG.java:1134)
at org.testng.TestNG.runSuites(TestNG.java:1063)
at org.testng.TestNG.run(TestNG.java:1031)
at org.apache.maven.surefire.testng.TestNGExecutor.run(TestNGExecutor.java:77)
at org.apache.maven.surefire.testng.TestNGDirectoryTestSuite.executeMulti(TestNGDirectoryTestSuite.java:159)
at org.apache.maven.surefire.testng.TestNGDirectoryTestSuite.execute(TestNGDirectoryTestSuite.java:99)
at org.apache.maven.surefire.testng.TestNGProvider.invoke(TestNGProvider.java:106)
at sun.reflect.NativeMethodAccessorImpl.invoke0(Native Method)
at sun.reflect.NativeMethodAccessorImpl.invoke(NativeMethodAccessorImpl.java:62)
at sun.reflect.DelegatingMethodAccessorImpl.invoke(DelegatingMethodAccessorImpl.java:43)
at java.lang.reflect.Method.invoke(Method.java:498)
at org.apache.maven.surefire.util.ReflectionUtils.invokeMethodWithArray(ReflectionUtils.java:189)
at org.apache.maven.surefire.booter.ProviderFactory$ProviderProxy.invoke(ProviderFactory.java:165)
at org.apache.maven.surefire.booter.ProviderFactory.invokeProvider(ProviderFactory.java:85)
at org.apache.maven.surefire.booter.ForkedBooter.runSuitesInProcess(ForkedBooter.java:115)
at org.apache.maven.surefire.booter.ForkedBooter.main(ForkedBooter.java:75)
Caused by: org.openqa.selenium.NoSuchElementException: no such element: Unable to locate element: {"method":"css selector","selector":"h3"}
  (Session info: chrome=95.0.4638.69)
For documentation on this error, please visit: https://www.seleniumhq.org/exceptions/no_such_element.html
Build info: version: '3.141.59', revision: 'e82be7d358', time: '2018-11-14T08:17:03'
System info: host: 'AMMQA10', ip: '192.168.1.134', os.name: 'Windows 10', os.arch: 'amd64', os.version: '10.0', java.version: '1.8.0_291'
Driver info: org.openqa.selenium.chrome.ChromeDriver
Capabilities {acceptInsecureCerts: false, browserName: chrome, browserVersion: 95.0.4638.69, chrome: {chromedriverVersion: 95.0.4638.10 (970bcf99e2bb6..., userDataDir: C:\Users\TATEVI~1.NAV\AppDa...}, goog:chromeOptions: {debuggerAddress: localhost:55936}, javascriptEnabled: true, networkConnectionEnabled: false, pageLoadStrategy: normal, platform: WINDOWS, platformName: WINDOWS, proxy: Proxy(), setWindowRect: true, strictFileInteractability: false, timeouts: {implicit: 0, pageLoad: 300000, script: 30000}, unhandledPromptBehavior: dismiss and notify, webauthn:extension:credBlob: true, webauthn:extension:largeBlob: true, webauthn:virtualAuthenticators: true}
Session ID: 5da4bc2b603513a5d3e3abc35d13ea41
*** Element info: {Using=css selector, value=h3}
at sun.reflect.NativeConstructorAccessorImpl.newInstance0(Native Method)
at sun.reflect.NativeConstructorAccessorImpl.newInstance(NativeConstructorAccessorImpl.java:62)
at sun.reflect.DelegatingConstructorAccessorImpl.newInstance(DelegatingConstructorAccessorImpl.java:45)
at java.lang.reflect.Constructor.newInstance(Constructor.java:423)
at org.openqa.selenium.remote.http.W3CHttpResponseCodec.createException(W3CHttpResponseCodec.java:187)
at org.openqa.selenium.remote.http.W3CHttpResponseCodec.decode(W3CHttpResponseCodec.java:122)
at org.openqa.selenium.remote.http.W3CHttpResponseCodec.decode(W3CHttpResponseCodec.java:49)
at org.openqa.selenium.remote.HttpCommandExecutor.execute(HttpCommandExecutor.java:158)
at org.openqa.selenium.remote.service.DriverCommandExecutor.execute(DriverCommandExecutor.java:83)
at org.openqa.selenium.remote.RemoteWebDriver.execute(RemoteWebDriver.java:552)
at org.openqa.selenium.remote.RemoteWebDriver.findElement(RemoteWebDriver.java:323)
at org.openqa.selenium.remote.RemoteWebDriver.findElementByCssSelector(RemoteWebDriver.java:420)
at org.openqa.selenium.By$ByCssSelector.findElement(By.java:431)
at org.openqa.selenium.remote.RemoteWebDriver.findElement(RemoteWebDriver.java:315)
at org.openqa.selenium.support.pagefactory.DefaultElementLocator.findElement(DefaultElementLocator.java:69)
at org.openqa.selenium.support.pagefactory.internal.LocatingElementHandler.invoke(LocatingElementHandler.java:38)
at com.sun.proxy.$Proxy25.isDisplayed(Unknown Source)
at org.openqa.selenium.support.ui.ExpectedConditions.elementIfVisible(ExpectedConditions.java:314)
at org.openqa.selenium.support.ui.ExpectedConditions.access$000(ExpectedConditions.java:43)
at org.openqa.selenium.support.ui.ExpectedConditions$10.apply(ExpectedConditions.java:300)
at org.openqa.selenium.support.ui.ExpectedConditions$10.apply(ExpectedConditions.java:297)
at org.openqa.selenium.support.ui.FluentWait.until(FluentWait.java:249)
... 41 more
]]>
            </full-stacktrace>
          </exception> <!-- org.openqa.selenium.TimeoutException -->
          <reporter-output>
          </reporter-output>
        </test-method> <!-- ShouldNotLoginWithInvalidCredentials -->
        <test-method status="PASS" signature="CloseDriverAfterEachClassExecution()[pri:0, instance:LoginTest@1a942c18]" name="CloseDriverAfterEachClassExecution" is-config="true" duration-ms="123" started-at="2021-11-09T23:16:26 AMT" finished-at="2021-11-09T23:16:26 AMT">
          <reporter-output>
          </reporter-output>
        </test-method> <!-- CloseDriverAfterEachClassExecution -->
      </class> <!-- LoginTest -->
      <class name="ChangePasswordTest">
        <test-method status="PASS" signature="beforeSuite()[pri:0, instance:ChangePasswordTest@6574a52c]" name="beforeSuite" is-config="true" duration-ms="18" started-at="2021-11-09T23:15:05 AMT" finished-at="2021-11-09T23:15:05 AMT">
          <reporter-output>
          </reporter-output>
        </test-method> <!-- beforeSuite -->
        <test-method status="PASS" signature="beforeClass()[pri:0, instance:ChangePasswordTest@6574a52c]" name="beforeClass" is-config="true" duration-ms="2621" started-at="2021-11-09T23:15:05 AMT" finished-at="2021-11-09T23:15:07 AMT">
          <reporter-output>
          </reporter-output>
        </test-method> <!-- beforeClass -->
        <test-method status="PASS" signature="initChangePassPage()[pri:0, instance:ChangePasswordTest@6574a52c]" name="initChangePassPage" is-config="true" duration-ms="6161" started-at="2021-11-09T23:15:07 AMT" finished-at="2021-11-09T23:15:14 AMT">
          <reporter-output>
          </reporter-output>
        </test-method> <!-- initChangePassPage -->
        <test-method status="PASS" signature="ParallelTesting()[pri:0, instance:ChangePasswordTest@6574a52c]" name="ParallelTesting" duration-ms="2" started-at="2021-11-09T23:15:14 AMT" finished-at="2021-11-09T23:15:14 AMT">
          <reporter-output>
          </reporter-output>
        </test-method> <!-- ParallelTesting -->
        <test-method status="PASS" signature="ParallelTesting2()[pri:0, instance:ChangePasswordTest@6574a52c]" name="ParallelTesting2" duration-ms="0" started-at="2021-11-09T23:15:14 AMT" finished-at="2021-11-09T23:15:14 AMT">
          <reporter-output>
          </reporter-output>
        </test-method> <!-- ParallelTesting2 -->
        <test-method status="PASS" signature="CloseDriverAfterEachClassExecution()[pri:0, instance:ChangePasswordTest@6574a52c]" name="CloseDriverAfterEachClassExecution" is-config="true" duration-ms="4125" started-at="2021-11-09T23:15:14 AMT" finished-at="2021-11-09T23:15:18 AMT">
          <reporter-output>
          </reporter-output>
        </test-method> <!-- CloseDriverAfterEachClassExecution -->
        <test-method status="PASS" signature="afterSuite()[pri:0, instance:ChangePasswordTest@6574a52c]" name="afterSuite" is-config="true" duration-ms="554" started-at="2021-11-09T23:16:26 AMT" finished-at="2021-11-09T23:16:27 AMT">
          <reporter-output>
          </reporter-output>
        </test-method> <!-- afterSuite -->
      </class> <!-- ChangePasswordTest -->
    </test> <!-- Command line test -->
  </suite> <!-- Command line suite -->
</testng-results>
